<?xml version="1.0" encoding="UTF-8"?>
<!-- Generated by org.testng.reporters.JUnitXMLReporter -->
<testsuite ignored="0" hostname="DESKTOP-QBTGUMF" failures="0" tests="1" name="Test_login_failed_Chrome" time="0.661" errors="0" timestamp="2022-09-28T21:43:35 GFT">
  <testcase classname="com.record.crowdar.TestLoginFailed" name="@BeforeClass beforeClass" time="0.656">
    <failure type="org.openqa.selenium.SessionNotCreatedException" message="session not created: This version of ChromeDriver only supports Chrome version 106
Current browser version is 105.0.5195.127 with binary path C:\Program Files\Google\Chrome\Application\chrome.exe
Build info: version: &amp;apos;3.141.59&amp;apos;, revision: &amp;apos;e82be7d358&amp;apos;, time: &amp;apos;2018-11-14T08:17:03&amp;apos;
System info: host: &amp;apos;DESKTOP-QBTGUMF&amp;apos;, ip: &amp;apos;192.168.1.42&amp;apos;, os.name: &amp;apos;Windows 10&amp;apos;, os.arch: &amp;apos;amd64&amp;apos;, os.version: &amp;apos;10.0&amp;apos;, java.version: &amp;apos;17.0.4.1&amp;apos;
Driver info: driver.version: ChromeDriver
remote stacktrace: Backtrace:
	Ordinal0 [0x00F81ED3+2236115]
	Ordinal0 [0x00F192F1+1807089]
	Ordinal0 [0x00E266FD+812797]
	Ordinal0 [0x00E48C6D+953453]
	Ordinal0 [0x00E44200+934400]
	Ordinal0 [0x00E419C9+924105]
	Ordinal0 [0x00E7806C+1146988]
	Ordinal0 [0x00E77A6A+1145450]
	Ordinal0 [0x00E718A6+1120422]
	Ordinal0 [0x00E4A73D+960317]
	Ordinal0 [0x00E4B71F+964383]
	GetHandleVerifier [0x0122E7E2+2743074]
	GetHandleVerifier [0x012208D4+2685972]
	GetHandleVerifier [0x01012BAA+532202]
	GetHandleVerifier [0x01011990+527568]
	Ordinal0 [0x00F2080C+1837068]
	Ordinal0 [0x00F24CD8+1854680]
	Ordinal0 [0x00F24DC5+1854917]
	Ordinal0 [0x00F2ED64+1895780]
	BaseThreadInitThunk [0x770AFA29+25]
	RtlGetAppContainerNamedObjectPath [0x778B7A9E+286]
	RtlGetAppContainerNamedObjectPath [0x778B7A6E+238]
">
      <![CDATA[org.openqa.selenium.SessionNotCreatedException: session not created: This version of ChromeDriver only supports Chrome version 106
Current browser version is 105.0.5195.127 with binary path C:\Program Files\Google\Chrome\Application\chrome.exe
Build info: version: '3.141.59', revision: 'e82be7d358', time: '2018-11-14T08:17:03'
System info: host: 'DESKTOP-QBTGUMF', ip: '192.168.1.42', os.name: 'Windows 10', os.arch: 'amd64', os.version: '10.0', java.version: '17.0.4.1'
Driver info: driver.version: ChromeDriver
remote stacktrace: Backtrace:
Ordinal0 [0x00F81ED3+2236115]
Ordinal0 [0x00F192F1+1807089]
Ordinal0 [0x00E266FD+812797]
Ordinal0 [0x00E48C6D+953453]
Ordinal0 [0x00E44200+934400]
Ordinal0 [0x00E419C9+924105]
Ordinal0 [0x00E7806C+1146988]
Ordinal0 [0x00E77A6A+1145450]
Ordinal0 [0x00E718A6+1120422]
Ordinal0 [0x00E4A73D+960317]
Ordinal0 [0x00E4B71F+964383]
GetHandleVerifier [0x0122E7E2+2743074]
GetHandleVerifier [0x012208D4+2685972]
GetHandleVerifier [0x01012BAA+532202]
GetHandleVerifier [0x01011990+527568]
Ordinal0 [0x00F2080C+1837068]
Ordinal0 [0x00F24CD8+1854680]
Ordinal0 [0x00F24DC5+1854917]
Ordinal0 [0x00F2ED64+1895780]
BaseThreadInitThunk [0x770AFA29+25]
RtlGetAppContainerNamedObjectPath [0x778B7A9E+286]
RtlGetAppContainerNamedObjectPath [0x778B7A6E+238]

at org.openqa.selenium.remote.W3CHandshakeResponse.lambda$errorHandler$0(W3CHandshakeResponse.java:62)
at org.openqa.selenium.remote.HandshakeResponse.lambda$getResponseFunction$0(HandshakeResponse.java:30)
at org.openqa.selenium.remote.ProtocolHandshake.lambda$createSession$0(ProtocolHandshake.java:126)
at java.base/java.util.stream.ReferencePipeline$3$1.accept(ReferencePipeline.java:197)
at java.base/java.util.Spliterators$ArraySpliterator.tryAdvance(Spliterators.java:1002)
at java.base/java.util.stream.ReferencePipeline.forEachWithCancel(ReferencePipeline.java:129)
at java.base/java.util.stream.AbstractPipeline.copyIntoWithCancel(AbstractPipeline.java:527)
at java.base/java.util.stream.AbstractPipeline.copyInto(AbstractPipeline.java:513)
at java.base/java.util.stream.AbstractPipeline.wrapAndCopyInto(AbstractPipeline.java:499)
at java.base/java.util.stream.FindOps$FindOp.evaluateSequential(FindOps.java:150)
at java.base/java.util.stream.AbstractPipeline.evaluate(AbstractPipeline.java:234)
at java.base/java.util.stream.ReferencePipeline.findFirst(ReferencePipeline.java:647)
at org.openqa.selenium.remote.ProtocolHandshake.createSession(ProtocolHandshake.java:128)
at org.openqa.selenium.remote.ProtocolHandshake.createSession(ProtocolHandshake.java:74)
at org.openqa.selenium.remote.HttpCommandExecutor.execute(HttpCommandExecutor.java:136)
at org.openqa.selenium.remote.service.DriverCommandExecutor.execute(DriverCommandExecutor.java:83)
at org.openqa.selenium.remote.RemoteWebDriver.execute(RemoteWebDriver.java:552)
at org.openqa.selenium.remote.RemoteWebDriver.startSession(RemoteWebDriver.java:213)
at org.openqa.selenium.remote.RemoteWebDriver.<init>(RemoteWebDriver.java:131)
at org.openqa.selenium.chrome.ChromeDriver.<init>(ChromeDriver.java:181)
at org.openqa.selenium.chrome.ChromeDriver.<init>(ChromeDriver.java:168)
at org.openqa.selenium.chrome.ChromeDriver.<init>(ChromeDriver.java:123)
at com.record.crowdar.TestLoginFailed.beforeClass(TestLoginFailed.java:55)
at java.base/java.util.ArrayList.forEach(ArrayList.java:1511)
... Removed 30 stack frames]]>
    </failure>
  </testcase> <!-- @BeforeClass beforeClass -->
  <testcase classname="com.record.crowdar.TestLoginFailed" name="@AfterClass afterClass" time="0.0">
    <skipped/>
  </testcase> <!-- @AfterClass afterClass -->
  <testcase classname="com.record.crowdar.TestLoginFailed" name="login" time="0.001">
    <skipped/>
  </testcase> <!-- login -->
</testsuite> <!-- Test_login_failed_Chrome -->
