<?xml version="1.0" encoding="UTF-8"?>
<!-- Generated by org.testng.reporters.JUnitXMLReporter -->
<testsuite ignored="0" hostname="DESKTOP-QBTGUMF" failures="0" tests="1" name="Test_login" time="0.058" errors="0" timestamp="2022-09-28T21:23:44 GFT">
  <testcase classname="com.record.crowdar.TestLogin" name="@BeforeClass beforeClass" time="-1.664411024893E9">
    <failure type="org.testng.TestNGException" message="
Parameter &amp;apos;URL&amp;apos; is required by BeforeClass on method beforeClass but has not been marked @Optional or defined
in C:\Users\chris\eclipse-workspace\crowdarAutomation\testng.xml">
      <![CDATA[org.testng.TestNGException: 
Parameter 'URL' is required by BeforeClass on method beforeClass but has not been marked @Optional or defined
in C:\Users\chris\eclipse-workspace\crowdarAutomation\testng.xml
at java.base/java.util.ArrayList.forEach(ArrayList.java:1511)
... Removed 22 stack frames]]>
    </failure>
  </testcase> <!-- @BeforeClass beforeClass -->
  <testcase classname="com.record.crowdar.TestLogin" name="@AfterClass afterClass" time="0.0">
    <skipped/>
  </testcase> <!-- @AfterClass afterClass -->
  <testcase classname="com.record.crowdar.TestLogin" name="login" time="0.0">
    <skipped/>
  </testcase> <!-- login -->
</testsuite> <!-- Test_login -->
